<?xml version="1.0" encoding="UTF-8"?>
<testsuite name="com.example.sampleproject.DemoApplicationTests" tests="1" skipped="0" failures="0" errors="0" timestamp="2020-08-20T07:12:22" hostname="ttakeshigenoMBP" time="0.539">
  <properties/>
  <testcase name="contextLoads()" classname="com.example.sampleproject.DemoApplicationTests" time="0.539"/>
  <system-out><![CDATA[16:12:17.496 [Test worker] DEBUG org.springframework.test.context.BootstrapUtils - Instantiating CacheAwareContextLoaderDelegate from class [org.springframework.test.context.cache.DefaultCacheAwareContextLoaderDelegate]
16:12:17.524 [Test worker] DEBUG org.springframework.test.context.BootstrapUtils - Instantiating BootstrapContext using constructor [public org.springframework.test.context.support.DefaultBootstrapContext(java.lang.Class,org.springframework.test.context.CacheAwareContextLoaderDelegate)]
16:12:17.587 [Test worker] DEBUG org.springframework.test.context.BootstrapUtils - Instantiating TestContextBootstrapper for test class [com.example.sampleproject.DemoApplicationTests] from class [org.springframework.boot.test.context.SpringBootTestContextBootstrapper]
16:12:17.614 [Test worker] INFO org.springframework.boot.test.context.SpringBootTestContextBootstrapper - Neither @ContextConfiguration nor @ContextHierarchy found for test class [com.example.sampleproject.DemoApplicationTests], using SpringBootContextLoader
16:12:17.620 [Test worker] DEBUG org.springframework.test.context.support.AbstractContextLoader - Did not detect default resource location for test class [com.example.sampleproject.DemoApplicationTests]: class path resource [com/example/sampleproject/DemoApplicationTests-context.xml] does not exist
16:12:17.621 [Test worker] DEBUG org.springframework.test.context.support.AbstractContextLoader - Did not detect default resource location for test class [com.example.sampleproject.DemoApplicationTests]: class path resource [com/example/sampleproject/DemoApplicationTestsContext.groovy] does not exist
16:12:17.622 [Test worker] INFO org.springframework.test.context.support.AbstractContextLoader - Could not detect default resource locations for test class [com.example.sampleproject.DemoApplicationTests]: no resource found for suffixes {-context.xml, Context.groovy}.
16:12:17.627 [Test worker] INFO org.springframework.test.context.support.AnnotationConfigContextLoaderUtils - Could not detect default configuration classes for test class [com.example.sampleproject.DemoApplicationTests]: DemoApplicationTests does not declare any static, non-private, non-final, nested classes annotated with @Configuration.
16:12:17.756 [Test worker] DEBUG org.springframework.test.context.support.ActiveProfilesUtils - Could not find an 'annotation declaring class' for annotation type [org.springframework.test.context.ActiveProfiles] and class [com.example.sampleproject.DemoApplicationTests]
16:12:17.917 [Test worker] DEBUG org.springframework.context.annotation.ClassPathScanningCandidateComponentProvider - Identified candidate component class: file [/Users/t-takeshige/Documents/GitHub/takeshigeTestProject202008/build/classes/java/main/com/example/sampleproject/DemoApplication.class]
16:12:17.919 [Test worker] INFO org.springframework.boot.test.context.SpringBootTestContextBootstrapper - Found @SpringBootConfiguration com.example.sampleproject.DemoApplication for test class com.example.sampleproject.DemoApplicationTests
16:12:18.089 [Test worker] DEBUG org.springframework.boot.test.context.SpringBootTestContextBootstrapper - @TestExecutionListeners is not present for class [com.example.sampleproject.DemoApplicationTests]: using defaults.
16:12:18.090 [Test worker] INFO org.springframework.boot.test.context.SpringBootTestContextBootstrapper - Loaded default TestExecutionListener class names from location [META-INF/spring.factories]: [org.springframework.boot.test.autoconfigure.restdocs.RestDocsTestExecutionListener, org.springframework.boot.test.autoconfigure.web.client.MockRestServiceServerResetTestExecutionListener, org.springframework.boot.test.autoconfigure.web.servlet.MockMvcPrintOnlyOnFailureTestExecutionListener, org.springframework.boot.test.autoconfigure.web.servlet.WebDriverTestExecutionListener, org.springframework.boot.test.autoconfigure.webservices.client.MockWebServiceServerTestExecutionListener, org.springframework.boot.test.mock.mockito.MockitoTestExecutionListener, org.springframework.boot.test.mock.mockito.ResetMocksTestExecutionListener, org.springframework.test.context.web.ServletTestExecutionListener, org.springframework.test.context.support.DirtiesContextBeforeModesTestExecutionListener, org.springframework.test.context.support.DependencyInjectionTestExecutionListener, org.springframework.test.context.support.DirtiesContextTestExecutionListener, org.springframework.test.context.transaction.TransactionalTestExecutionListener, org.springframework.test.context.jdbc.SqlScriptsTestExecutionListener, org.springframework.test.context.event.EventPublishingTestExecutionListener]
16:12:18.109 [Test worker] INFO org.springframework.boot.test.context.SpringBootTestContextBootstrapper - Using TestExecutionListeners: [org.springframework.test.context.web.ServletTestExecutionListener@4c302f53, org.springframework.test.context.support.DirtiesContextBeforeModesTestExecutionListener@230a32ae, org.springframework.boot.test.mock.mockito.MockitoTestExecutionListener@394d451b, org.springframework.boot.test.autoconfigure.SpringBootDependencyInjectionTestExecutionListener@514d1837, org.springframework.test.context.support.DirtiesContextTestExecutionListener@1ccafffa, org.springframework.test.context.transaction.TransactionalTestExecutionListener@6ea7218f, org.springframework.test.context.jdbc.SqlScriptsTestExecutionListener@3d11c4dd, org.springframework.test.context.event.EventPublishingTestExecutionListener@424efe8, org.springframework.boot.test.autoconfigure.restdocs.RestDocsTestExecutionListener@4f5ae5b9, org.springframework.boot.test.autoconfigure.web.client.MockRestServiceServerResetTestExecutionListener@18260e84, org.springframework.boot.test.autoconfigure.web.servlet.MockMvcPrintOnlyOnFailureTestExecutionListener@2ba21671, org.springframework.boot.test.autoconfigure.web.servlet.WebDriverTestExecutionListener@85af742, org.springframework.boot.test.autoconfigure.webservices.client.MockWebServiceServerTestExecutionListener@1035acdd, org.springframework.boot.test.mock.mockito.ResetMocksTestExecutionListener@384fd271]
16:12:18.117 [Test worker] DEBUG org.springframework.test.context.support.AbstractDirtiesContextTestExecutionListener - Before test class: context [DefaultTestContext@52355b53 testClass = DemoApplicationTests, testInstance = [null], testMethod = [null], testException = [null], mergedContextConfiguration = [WebMergedContextConfiguration@5c30a5cc testClass = DemoApplicationTests, locations = '{}', classes = '{class com.example.sampleproject.DemoApplication}', contextInitializerClasses = '[]', activeProfiles = '{}', propertySourceLocations = '{}', propertySourceProperties = '{org.springframework.boot.test.context.SpringBootTestContextBootstrapper=true}', contextCustomizers = set[org.springframework.boot.test.autoconfigure.properties.PropertyMappingContextCustomizer@0, org.springframework.boot.test.autoconfigure.web.servlet.WebDriverContextCustomizerFactory$Customizer@4ee1d324, org.springframework.boot.test.context.filter.ExcludeFilterContextCustomizer@2c349e33, org.springframework.boot.test.json.DuplicateJsonObjectContextCustomizerFactory$DuplicateJsonObjectContextCustomizer@51b7a8bf, org.springframework.boot.test.mock.mockito.MockitoContextCustomizer@0, org.springframework.boot.test.web.client.TestRestTemplateContextCustomizer@11809eed, org.springframework.boot.test.context.SpringBootTestArgs@1], resourceBasePath = 'src/main/webapp', contextLoader = 'org.springframework.boot.test.context.SpringBootContextLoader', parent = [null]], attributes = map['org.springframework.test.context.web.ServletTestExecutionListener.activateListener' -> true]], class annotated with @DirtiesContext [false] with mode [null].
16:12:18.167 [Test worker] DEBUG org.springframework.test.context.support.TestPropertySourceUtils - Adding inlined properties to environment: {spring.jmx.enabled=false, org.springframework.boot.test.context.SpringBootTestContextBootstrapper=true}

  .   ____          _            __ _ _
 /\\ / ___'_ __ _ _(_)_ __  __ _ \ \ \ \
( ( )\___ | '_ | '_| | '_ \/ _` | \ \ \ \
 \\/  ___)| |_)| | | | | || (_| |  ) ) ) )
  '  |____| .__|_| |_|_| |_\__, | / / / /
 =========|_|==============|___/=/_/_/_/
 :: Spring Boot ::        (v2.3.3.RELEASE)

2020-08-20 16:12:18.724  INFO 10908 --- [    Test worker] c.e.sampleproject.DemoApplicationTests   : Starting DemoApplicationTests on ttakeshigenoMBP with PID 10908 (started by t-takeshige in /Users/t-takeshige/Documents/GitHub/takeshigeTestProject202008)
2020-08-20 16:12:18.728  INFO 10908 --- [    Test worker] c.e.sampleproject.DemoApplicationTests   : No active profile set, falling back to default profiles: default
2020-08-20 16:12:22.385  INFO 10908 --- [    Test worker] c.e.sampleproject.DemoApplicationTests   : Started DemoApplicationTests in 4.208 seconds (JVM running for 6.06)
]]></system-out>
  <system-err><![CDATA[]]></system-err>
</testsuite>
